<?xml version="1.0" encoding="UTF-8"?>
<!-- Generated by org.testng.reporters.JUnitReportReporter -->
<testsuite hostname="LAPTOP-USNI1EVF" failures="0" tests="3" name="com.wipro.Capstone.Booking" time="60.585" errors="0" timestamp="2025-09-06T23:55:28 IST" skipped="0">
  <testcase classname="com.wipro.Capstone.Booking" name="Bookingflow" time="31.721"/>
  <testcase classname="com.wipro.Capstone.Booking" name="BookingFunctionality" time="12.259"/>
  <testcase classname="com.wipro.Capstone.Booking" name="BookingDetails" time="16.605"/>
</testsuite> <!-- com.wipro.Capstone.Booking -->
